[2026-05-24T08:37:24.056+0000] {manager.py:469} INFO - Processing files using up to 1 processes at a time 
[2026-05-24T08:37:24.057+0000] {manager.py:470} INFO - Process each file at most once every 30 seconds
[2026-05-24T08:37:24.059+0000] {manager.py:471} INFO - Checking for new files in /opt/airflow/dags every 300 seconds
[2026-05-24T08:37:24.060+0000] {manager.py:738} INFO - Searching for files in /opt/airflow/dags
[2026-05-24T08:37:24.067+0000] {manager.py:741} INFO - There are 0 files in /opt/airflow/dags
[2026-05-24T08:42:24.413+0000] {manager.py:738} INFO - Searching for files in /opt/airflow/dags
[2026-05-24T08:42:24.425+0000] {manager.py:741} INFO - There are 0 files in /opt/airflow/dags
[2026-05-24T08:47:24.993+0000] {manager.py:738} INFO - Searching for files in /opt/airflow/dags
[2026-05-24T08:47:25.004+0000] {manager.py:741} INFO - There are 0 files in /opt/airflow/dags
[2026-05-24T08:52:25.544+0000] {manager.py:738} INFO - Searching for files in /opt/airflow/dags
[2026-05-24T08:52:25.553+0000] {manager.py:741} INFO - There are 0 files in /opt/airflow/dags
[2026-05-24T08:57:25.865+0000] {manager.py:738} INFO - Searching for files in /opt/airflow/dags
[2026-05-24T08:57:25.880+0000] {manager.py:741} INFO - There are 0 files in /opt/airflow/dags
[2026-05-24T09:02:26.043+0000] {manager.py:738} INFO - Searching for files in /opt/airflow/dags
[2026-05-24T09:02:26.049+0000] {manager.py:741} INFO - There are 0 files in /opt/airflow/dags
[2026-05-24T09:07:26.174+0000] {manager.py:738} INFO - Searching for files in /opt/airflow/dags
[2026-05-24T09:07:26.187+0000] {manager.py:741} INFO - There are 0 files in /opt/airflow/dags
[2026-05-24T09:12:26.657+0000] {manager.py:738} INFO - Searching for files in /opt/airflow/dags
[2026-05-24T09:12:26.670+0000] {manager.py:741} INFO - There are 0 files in /opt/airflow/dags
[2026-05-24T09:17:26.893+0000] {manager.py:738} INFO - Searching for files in /opt/airflow/dags
[2026-05-24T09:17:26.907+0000] {manager.py:741} INFO - There are 0 files in /opt/airflow/dags
[2026-05-24T09:22:27.039+0000] {manager.py:738} INFO - Searching for files in /opt/airflow/dags
[2026-05-24T09:22:27.053+0000] {manager.py:741} INFO - There are 0 files in /opt/airflow/dags
[2026-05-24T09:27:27.391+0000] {manager.py:738} INFO - Searching for files in /opt/airflow/dags
[2026-05-24T09:27:27.396+0000] {manager.py:741} INFO - There are 0 files in /opt/airflow/dags
[2026-05-24T09:32:27.893+0000] {manager.py:738} INFO - Searching for files in /opt/airflow/dags
[2026-05-24T09:32:27.939+0000] {manager.py:741} INFO - There are 0 files in /opt/airflow/dags
[2026-05-24T09:37:28.035+0000] {manager.py:738} INFO - Searching for files in /opt/airflow/dags
[2026-05-24T09:37:28.044+0000] {manager.py:741} INFO - There are 0 files in /opt/airflow/dags
[2026-05-24T09:42:28.252+0000] {manager.py:738} INFO - Searching for files in /opt/airflow/dags
[2026-05-24T09:42:28.261+0000] {manager.py:741} INFO - There are 0 files in /opt/airflow/dags
[2026-05-24T09:47:28.532+0000] {manager.py:738} INFO - Searching for files in /opt/airflow/dags
[2026-05-24T09:47:28.549+0000] {manager.py:741} INFO - There are 0 files in /opt/airflow/dags
[2026-05-24T09:52:28.695+0000] {manager.py:738} INFO - Searching for files in /opt/airflow/dags
[2026-05-24T09:52:28.704+0000] {manager.py:741} INFO - There are 0 files in /opt/airflow/dags
[2026-05-24T16:44:22.533+0000] {manager.py:469} INFO - Processing files using up to 1 processes at a time 
[2026-05-24T16:44:22.556+0000] {manager.py:470} INFO - Process each file at most once every 30 seconds
[2026-05-24T16:44:22.557+0000] {manager.py:471} INFO - Checking for new files in /opt/airflow/dags every 300 seconds
[2026-05-24T16:44:22.558+0000] {manager.py:738} INFO - Searching for files in /opt/airflow/dags
[2026-05-24T16:44:22.565+0000] {manager.py:741} INFO - There are 0 files in /opt/airflow/dags
[2026-05-24T16:49:23.258+0000] {manager.py:738} INFO - Searching for files in /opt/airflow/dags
[2026-05-24T16:49:23.267+0000] {manager.py:741} INFO - There are 0 files in /opt/airflow/dags
[2026-05-24T16:54:23.544+0000] {manager.py:738} INFO - Searching for files in /opt/airflow/dags
[2026-05-24T16:54:23.556+0000] {manager.py:741} INFO - There are 0 files in /opt/airflow/dags
[2026-05-24T16:59:24.589+0000] {manager.py:738} INFO - Searching for files in /opt/airflow/dags
[2026-05-24T16:59:24.601+0000] {manager.py:741} INFO - There are 0 files in /opt/airflow/dags
[2026-05-24T17:35:52.242+0000] {manager.py:738} INFO - Searching for files in /opt/airflow/dags
[2026-05-24T17:35:52.410+0000] {manager.py:741} INFO - There are 0 files in /opt/airflow/dags
[2026-05-24T17:40:52.322+0000] {manager.py:738} INFO - Searching for files in /opt/airflow/dags
[2026-05-24T17:40:52.330+0000] {manager.py:741} INFO - There are 0 files in /opt/airflow/dags
[2026-05-24T17:45:52.916+0000] {manager.py:738} INFO - Searching for files in /opt/airflow/dags
[2026-05-24T17:45:52.937+0000] {manager.py:741} INFO - There are 0 files in /opt/airflow/dags
[2026-05-24T17:55:18.458+0000] {manager.py:738} INFO - Searching for files in /opt/airflow/dags
[2026-05-24T17:55:18.463+0000] {manager.py:741} INFO - There are 0 files in /opt/airflow/dags
[2026-05-24T18:00:19.001+0000] {manager.py:738} INFO - Searching for files in /opt/airflow/dags
[2026-05-24T18:00:19.011+0000] {manager.py:741} INFO - There are 0 files in /opt/airflow/dags
[2026-05-24T18:05:19.002+0000] {manager.py:738} INFO - Searching for files in /opt/airflow/dags
[2026-05-24T18:05:19.011+0000] {manager.py:741} INFO - There are 0 files in /opt/airflow/dags
[2026-05-24T19:04:34.820+0000] {manager.py:738} INFO - Searching for files in /opt/airflow/dags
[2026-05-24T19:04:34.974+0000] {manager.py:741} INFO - There are 0 files in /opt/airflow/dags
[2026-05-24T19:09:35.301+0000] {manager.py:738} INFO - Searching for files in /opt/airflow/dags
[2026-05-24T19:09:35.315+0000] {manager.py:741} INFO - There are 0 files in /opt/airflow/dags
[2026-05-24T19:14:35.609+0000] {manager.py:738} INFO - Searching for files in /opt/airflow/dags
[2026-05-24T19:14:35.615+0000] {manager.py:741} INFO - There are 0 files in /opt/airflow/dags
[2026-05-24T19:19:36.624+0000] {manager.py:738} INFO - Searching for files in /opt/airflow/dags
[2026-05-24T19:19:36.630+0000] {manager.py:741} INFO - There are 0 files in /opt/airflow/dags
[2026-05-24T19:24:36.885+0000] {manager.py:738} INFO - Searching for files in /opt/airflow/dags
[2026-05-24T19:24:36.896+0000] {manager.py:741} INFO - There are 0 files in /opt/airflow/dags
[2026-05-24T19:29:37.372+0000] {manager.py:738} INFO - Searching for files in /opt/airflow/dags
[2026-05-24T19:29:37.385+0000] {manager.py:741} INFO - There are 0 files in /opt/airflow/dags
[2026-05-24T19:34:37.774+0000] {manager.py:738} INFO - Searching for files in /opt/airflow/dags
[2026-05-24T19:34:37.788+0000] {manager.py:741} INFO - There are 0 files in /opt/airflow/dags
[2026-05-24T19:39:37.828+0000] {manager.py:738} INFO - Searching for files in /opt/airflow/dags
[2026-05-24T19:39:37.841+0000] {manager.py:741} INFO - There are 0 files in /opt/airflow/dags
[2026-05-24T19:44:38.737+0000] {manager.py:738} INFO - Searching for files in /opt/airflow/dags
[2026-05-24T19:44:38.749+0000] {manager.py:741} INFO - There are 0 files in /opt/airflow/dags
[2026-05-24T19:49:39.015+0000] {manager.py:738} INFO - Searching for files in /opt/airflow/dags
[2026-05-24T19:49:39.028+0000] {manager.py:741} INFO - There are 0 files in /opt/airflow/dags
[2026-05-24T19:54:39.076+0000] {manager.py:738} INFO - Searching for files in /opt/airflow/dags
[2026-05-24T19:54:39.084+0000] {manager.py:741} INFO - There are 0 files in /opt/airflow/dags
[2026-05-24T19:59:39.728+0000] {manager.py:738} INFO - Searching for files in /opt/airflow/dags
[2026-05-24T19:59:39.741+0000] {manager.py:741} INFO - There are 0 files in /opt/airflow/dags
[2026-05-24T20:04:40.513+0000] {manager.py:738} INFO - Searching for files in /opt/airflow/dags
[2026-05-24T20:04:40.526+0000] {manager.py:741} INFO - There are 0 files in /opt/airflow/dags
[2026-05-24T20:09:40.592+0000] {manager.py:738} INFO - Searching for files in /opt/airflow/dags
[2026-05-24T20:09:40.606+0000] {manager.py:741} INFO - There are 0 files in /opt/airflow/dags
[2026-05-24T20:14:41.307+0000] {manager.py:738} INFO - Searching for files in /opt/airflow/dags
[2026-05-24T20:14:41.314+0000] {manager.py:741} INFO - There are 0 files in /opt/airflow/dags
[2026-05-24T20:19:41.339+0000] {manager.py:738} INFO - Searching for files in /opt/airflow/dags
[2026-05-24T20:19:41.353+0000] {manager.py:741} INFO - There are 0 files in /opt/airflow/dags
[2026-05-24T20:24:41.748+0000] {manager.py:738} INFO - Searching for files in /opt/airflow/dags
[2026-05-24T20:24:41.760+0000] {manager.py:741} INFO - There are 0 files in /opt/airflow/dags
[2026-05-24T20:29:42.120+0000] {manager.py:738} INFO - Searching for files in /opt/airflow/dags
[2026-05-24T20:29:42.132+0000] {manager.py:741} INFO - There are 0 files in /opt/airflow/dags
[2026-05-24T20:34:42.922+0000] {manager.py:738} INFO - Searching for files in /opt/airflow/dags
[2026-05-24T20:34:42.928+0000] {manager.py:741} INFO - There are 0 files in /opt/airflow/dags
[2026-05-25T03:56:52.891+0000] {manager.py:469} INFO - Processing files using up to 1 processes at a time 
[2026-05-25T03:56:52.892+0000] {manager.py:470} INFO - Process each file at most once every 30 seconds
[2026-05-25T03:56:52.893+0000] {manager.py:471} INFO - Checking for new files in /opt/airflow/dags every 300 seconds
[2026-05-25T03:56:52.894+0000] {manager.py:738} INFO - Searching for files in /opt/airflow/dags
[2026-05-25T03:56:52.902+0000] {manager.py:741} INFO - There are 0 files in /opt/airflow/dags
[2026-05-25T04:01:53.161+0000] {manager.py:738} INFO - Searching for files in /opt/airflow/dags
[2026-05-25T04:01:53.177+0000] {manager.py:741} INFO - There are 0 files in /opt/airflow/dags
[2026-05-25T04:06:53.345+0000] {manager.py:738} INFO - Searching for files in /opt/airflow/dags
[2026-05-25T04:06:53.359+0000] {manager.py:741} INFO - There are 0 files in /opt/airflow/dags
[2026-05-25T04:11:53.715+0000] {manager.py:738} INFO - Searching for files in /opt/airflow/dags
[2026-05-25T04:11:53.731+0000] {manager.py:741} INFO - There are 0 files in /opt/airflow/dags
[2026-05-25T04:16:54.135+0000] {manager.py:738} INFO - Searching for files in /opt/airflow/dags
[2026-05-25T04:16:54.147+0000] {manager.py:741} INFO - There are 0 files in /opt/airflow/dags
[2026-05-26T06:06:01.610+0000] {manager.py:469} INFO - Processing files using up to 1 processes at a time 
[2026-05-26T06:06:01.613+0000] {manager.py:470} INFO - Process each file at most once every 30 seconds
[2026-05-26T06:06:01.614+0000] {manager.py:471} INFO - Checking for new files in /opt/airflow/dags every 300 seconds
[2026-05-26T06:06:01.615+0000] {manager.py:738} INFO - Searching for files in /opt/airflow/dags
[2026-05-26T06:06:01.621+0000] {manager.py:741} INFO - There are 0 files in /opt/airflow/dags
[2026-05-26T06:11:02.305+0000] {manager.py:738} INFO - Searching for files in /opt/airflow/dags
[2026-05-26T06:11:02.315+0000] {manager.py:741} INFO - There are 0 files in /opt/airflow/dags
[2026-05-26T06:16:02.422+0000] {manager.py:738} INFO - Searching for files in /opt/airflow/dags
[2026-05-26T06:16:02.438+0000] {manager.py:741} INFO - There are 0 files in /opt/airflow/dags
[2026-05-26T06:21:03.230+0000] {manager.py:738} INFO - Searching for files in /opt/airflow/dags
[2026-05-26T06:21:03.245+0000] {manager.py:741} INFO - There are 0 files in /opt/airflow/dags
[2026-05-26T06:26:03.565+0000] {manager.py:738} INFO - Searching for files in /opt/airflow/dags
[2026-05-26T06:26:03.575+0000] {manager.py:741} INFO - There are 0 files in /opt/airflow/dags
[2026-05-26T06:31:04.323+0000] {manager.py:738} INFO - Searching for files in /opt/airflow/dags
[2026-05-26T06:31:04.337+0000] {manager.py:741} INFO - There are 0 files in /opt/airflow/dags
[2026-05-26T06:36:04.908+0000] {manager.py:738} INFO - Searching for files in /opt/airflow/dags
[2026-05-26T06:36:04.919+0000] {manager.py:741} INFO - There are 0 files in /opt/airflow/dags
[2026-05-26T06:41:05.897+0000] {manager.py:738} INFO - Searching for files in /opt/airflow/dags
[2026-05-26T06:41:05.909+0000] {manager.py:741} INFO - There are 0 files in /opt/airflow/dags
[2026-05-26T06:46:06.326+0000] {manager.py:738} INFO - Searching for files in /opt/airflow/dags
[2026-05-26T06:46:06.335+0000] {manager.py:741} INFO - There are 0 files in /opt/airflow/dags
[2026-05-26T06:51:06.366+0000] {manager.py:738} INFO - Searching for files in /opt/airflow/dags
[2026-05-26T06:51:06.381+0000] {manager.py:741} INFO - There are 0 files in /opt/airflow/dags
[2026-05-26T06:56:06.684+0000] {manager.py:738} INFO - Searching for files in /opt/airflow/dags
[2026-05-26T06:56:06.701+0000] {manager.py:741} INFO - There are 0 files in /opt/airflow/dags
[2026-05-26T07:01:06.687+0000] {manager.py:738} INFO - Searching for files in /opt/airflow/dags
[2026-05-26T07:01:06.694+0000] {manager.py:741} INFO - There are 0 files in /opt/airflow/dags
[2026-05-26T07:06:07.641+0000] {manager.py:738} INFO - Searching for files in /opt/airflow/dags
[2026-05-26T07:06:07.652+0000] {manager.py:741} INFO - There are 0 files in /opt/airflow/dags
[2026-05-26T07:11:08.015+0000] {manager.py:738} INFO - Searching for files in /opt/airflow/dags
[2026-05-26T07:11:08.022+0000] {manager.py:741} INFO - There are 0 files in /opt/airflow/dags
[2026-05-26T07:16:08.755+0000] {manager.py:738} INFO - Searching for files in /opt/airflow/dags
[2026-05-26T07:16:08.773+0000] {manager.py:741} INFO - There are 0 files in /opt/airflow/dags
[2026-05-26T07:37:00.353+0000] {manager.py:738} INFO - Searching for files in /opt/airflow/dags
[2026-05-26T07:37:00.403+0000] {manager.py:741} INFO - There are 0 files in /opt/airflow/dags
[2026-05-26T07:42:01.160+0000] {manager.py:738} INFO - Searching for files in /opt/airflow/dags
[2026-05-26T07:42:01.172+0000] {manager.py:741} INFO - There are 0 files in /opt/airflow/dags
[2026-05-26T07:47:02.033+0000] {manager.py:738} INFO - Searching for files in /opt/airflow/dags
[2026-05-26T07:47:02.042+0000] {manager.py:741} INFO - There are 0 files in /opt/airflow/dags
[2026-05-26T07:52:02.728+0000] {manager.py:738} INFO - Searching for files in /opt/airflow/dags
[2026-05-26T07:52:02.738+0000] {manager.py:741} INFO - There are 0 files in /opt/airflow/dags
[2026-05-26T07:57:03.741+0000] {manager.py:738} INFO - Searching for files in /opt/airflow/dags
[2026-05-26T07:57:03.754+0000] {manager.py:741} INFO - There are 0 files in /opt/airflow/dags
[2026-05-26T08:02:04.469+0000] {manager.py:738} INFO - Searching for files in /opt/airflow/dags
[2026-05-26T08:02:04.478+0000] {manager.py:741} INFO - There are 0 files in /opt/airflow/dags
[2026-05-26T08:07:04.903+0000] {manager.py:738} INFO - Searching for files in /opt/airflow/dags
[2026-05-26T08:07:04.913+0000] {manager.py:741} INFO - There are 0 files in /opt/airflow/dags
[2026-05-26T08:12:05.355+0000] {manager.py:738} INFO - Searching for files in /opt/airflow/dags
[2026-05-26T08:12:05.362+0000] {manager.py:741} INFO - There are 0 files in /opt/airflow/dags
[2026-05-26T08:17:05.893+0000] {manager.py:738} INFO - Searching for files in /opt/airflow/dags
[2026-05-26T08:17:05.903+0000] {manager.py:741} INFO - There are 0 files in /opt/airflow/dags
[2026-05-26T08:22:06.368+0000] {manager.py:738} INFO - Searching for files in /opt/airflow/dags
[2026-05-26T08:22:06.374+0000] {manager.py:741} INFO - There are 0 files in /opt/airflow/dags
[2026-05-26T08:27:06.821+0000] {manager.py:738} INFO - Searching for files in /opt/airflow/dags
[2026-05-26T08:27:06.834+0000] {manager.py:741} INFO - There are 0 files in /opt/airflow/dags
[2026-05-26T08:32:07.337+0000] {manager.py:738} INFO - Searching for files in /opt/airflow/dags
[2026-05-26T08:32:07.346+0000] {manager.py:741} INFO - There are 0 files in /opt/airflow/dags
[2026-05-26T08:37:08.212+0000] {manager.py:738} INFO - Searching for files in /opt/airflow/dags
[2026-05-26T08:37:08.222+0000] {manager.py:741} INFO - There are 0 files in /opt/airflow/dags
[2026-05-26T08:42:08.213+0000] {manager.py:738} INFO - Searching for files in /opt/airflow/dags
[2026-05-26T08:42:08.220+0000] {manager.py:741} INFO - There are 0 files in /opt/airflow/dags
[2026-05-26T08:47:09.195+0000] {manager.py:738} INFO - Searching for files in /opt/airflow/dags
[2026-05-26T08:47:09.201+0000] {manager.py:741} INFO - There are 0 files in /opt/airflow/dags
[2026-05-26T08:52:09.597+0000] {manager.py:738} INFO - Searching for files in /opt/airflow/dags
[2026-05-26T08:52:09.607+0000] {manager.py:741} INFO - There are 0 files in /opt/airflow/dags
[2026-05-26T08:57:09.719+0000] {manager.py:738} INFO - Searching for files in /opt/airflow/dags
[2026-05-26T08:57:09.729+0000] {manager.py:741} INFO - There are 0 files in /opt/airflow/dags
[2026-05-26T09:02:09.753+0000] {manager.py:738} INFO - Searching for files in /opt/airflow/dags
[2026-05-26T09:02:09.762+0000] {manager.py:741} INFO - There are 0 files in /opt/airflow/dags
[2026-05-26T09:07:10.299+0000] {manager.py:738} INFO - Searching for files in /opt/airflow/dags
[2026-05-26T09:07:10.315+0000] {manager.py:741} INFO - There are 0 files in /opt/airflow/dags
[2026-05-26T09:12:11.333+0000] {manager.py:738} INFO - Searching for files in /opt/airflow/dags
[2026-05-26T09:12:11.344+0000] {manager.py:741} INFO - There are 0 files in /opt/airflow/dags
[2026-05-26T09:17:12.338+0000] {manager.py:738} INFO - Searching for files in /opt/airflow/dags
[2026-05-26T09:17:12.348+0000] {manager.py:741} INFO - There are 0 files in /opt/airflow/dags
[2026-05-26T09:22:12.366+0000] {manager.py:738} INFO - Searching for files in /opt/airflow/dags
[2026-05-26T09:22:12.381+0000] {manager.py:741} INFO - There are 0 files in /opt/airflow/dags
[2026-05-26T09:27:13.384+0000] {manager.py:738} INFO - Searching for files in /opt/airflow/dags
[2026-05-26T09:27:13.394+0000] {manager.py:741} INFO - There are 0 files in /opt/airflow/dags
[2026-05-26T09:32:13.412+0000] {manager.py:738} INFO - Searching for files in /opt/airflow/dags
[2026-05-26T09:32:13.423+0000] {manager.py:741} INFO - There are 0 files in /opt/airflow/dags
[2026-05-26T09:37:13.524+0000] {manager.py:738} INFO - Searching for files in /opt/airflow/dags
[2026-05-26T09:37:13.534+0000] {manager.py:741} INFO - There are 0 files in /opt/airflow/dags
[2026-05-26T09:42:13.916+0000] {manager.py:738} INFO - Searching for files in /opt/airflow/dags
[2026-05-26T09:42:13.932+0000] {manager.py:741} INFO - There are 0 files in /opt/airflow/dags
[2026-05-26T09:47:14.431+0000] {manager.py:738} INFO - Searching for files in /opt/airflow/dags
[2026-05-26T09:47:14.443+0000] {manager.py:741} INFO - There are 0 files in /opt/airflow/dags
[2026-05-26T09:52:14.737+0000] {manager.py:738} INFO - Searching for files in /opt/airflow/dags
[2026-05-26T09:52:14.751+0000] {manager.py:741} INFO - There are 0 files in /opt/airflow/dags
[2026-05-26T09:57:15.180+0000] {manager.py:738} INFO - Searching for files in /opt/airflow/dags
[2026-05-26T09:57:15.193+0000] {manager.py:741} INFO - There are 0 files in /opt/airflow/dags
[2026-05-26T10:02:16.259+0000] {manager.py:738} INFO - Searching for files in /opt/airflow/dags
[2026-05-26T10:02:16.272+0000] {manager.py:741} INFO - There are 0 files in /opt/airflow/dags
[2026-05-26T10:07:16.982+0000] {manager.py:738} INFO - Searching for files in /opt/airflow/dags
[2026-05-26T10:07:16.994+0000] {manager.py:741} INFO - There are 0 files in /opt/airflow/dags
[2026-05-26T10:12:17.085+0000] {manager.py:738} INFO - Searching for files in /opt/airflow/dags
[2026-05-26T10:12:17.098+0000] {manager.py:741} INFO - There are 0 files in /opt/airflow/dags
[2026-05-26T10:17:17.490+0000] {manager.py:738} INFO - Searching for files in /opt/airflow/dags
[2026-05-26T10:17:17.502+0000] {manager.py:741} INFO - There are 0 files in /opt/airflow/dags
[2026-05-26T10:22:18.869+0000] {manager.py:738} INFO - Searching for files in /opt/airflow/dags
[2026-05-26T10:22:18.883+0000] {manager.py:741} INFO - There are 0 files in /opt/airflow/dags
[2026-05-26T10:27:19.447+0000] {manager.py:738} INFO - Searching for files in /opt/airflow/dags
[2026-05-26T10:27:19.454+0000] {manager.py:741} INFO - There are 0 files in /opt/airflow/dags
[2026-05-26T10:32:20.234+0000] {manager.py:738} INFO - Searching for files in /opt/airflow/dags
[2026-05-26T10:32:20.247+0000] {manager.py:741} INFO - There are 0 files in /opt/airflow/dags
[2026-05-26T10:40:26.453+0000] {manager.py:738} INFO - Searching for files in /opt/airflow/dags
[2026-05-26T10:40:26.463+0000] {manager.py:741} INFO - There are 0 files in /opt/airflow/dags
[2026-05-26T10:45:27.059+0000] {manager.py:738} INFO - Searching for files in /opt/airflow/dags
[2026-05-26T10:45:27.071+0000] {manager.py:741} INFO - There are 0 files in /opt/airflow/dags
[2026-05-26T10:50:27.899+0000] {manager.py:738} INFO - Searching for files in /opt/airflow/dags
[2026-05-26T10:50:27.913+0000] {manager.py:741} INFO - There are 0 files in /opt/airflow/dags
[2026-05-26T10:55:28.601+0000] {manager.py:738} INFO - Searching for files in /opt/airflow/dags
[2026-05-26T10:55:28.613+0000] {manager.py:741} INFO - There are 0 files in /opt/airflow/dags
[2026-05-26T11:00:29.508+0000] {manager.py:738} INFO - Searching for files in /opt/airflow/dags
[2026-05-26T11:00:29.519+0000] {manager.py:741} INFO - There are 0 files in /opt/airflow/dags
[2026-05-26T11:05:30.510+0000] {manager.py:738} INFO - Searching for files in /opt/airflow/dags
[2026-05-26T11:05:30.517+0000] {manager.py:741} INFO - There are 0 files in /opt/airflow/dags
[2026-05-26T11:10:31.093+0000] {manager.py:738} INFO - Searching for files in /opt/airflow/dags
[2026-05-26T11:10:31.100+0000] {manager.py:741} INFO - There are 0 files in /opt/airflow/dags
[2026-05-26T11:15:31.468+0000] {manager.py:738} INFO - Searching for files in /opt/airflow/dags
[2026-05-26T11:15:31.479+0000] {manager.py:741} INFO - There are 0 files in /opt/airflow/dags
[2026-05-26T11:20:32.432+0000] {manager.py:738} INFO - Searching for files in /opt/airflow/dags
[2026-05-26T11:20:32.456+0000] {manager.py:741} INFO - There are 0 files in /opt/airflow/dags
[2026-05-26T11:25:32.656+0000] {manager.py:738} INFO - Searching for files in /opt/airflow/dags
[2026-05-26T11:25:32.667+0000] {manager.py:741} INFO - There are 0 files in /opt/airflow/dags
[2026-05-26T11:30:32.772+0000] {manager.py:738} INFO - Searching for files in /opt/airflow/dags
[2026-05-26T11:30:32.782+0000] {manager.py:741} INFO - There are 0 files in /opt/airflow/dags
[2026-05-26T11:35:33.433+0000] {manager.py:738} INFO - Searching for files in /opt/airflow/dags
[2026-05-26T11:35:33.441+0000] {manager.py:741} INFO - There are 0 files in /opt/airflow/dags
[2026-05-26T11:40:33.731+0000] {manager.py:738} INFO - Searching for files in /opt/airflow/dags
[2026-05-26T11:40:33.741+0000] {manager.py:741} INFO - There are 0 files in /opt/airflow/dags
[2026-05-26T11:45:34.112+0000] {manager.py:738} INFO - Searching for files in /opt/airflow/dags
[2026-05-26T11:45:34.137+0000] {manager.py:741} INFO - There are 0 files in /opt/airflow/dags
[2026-05-26T11:50:34.523+0000] {manager.py:738} INFO - Searching for files in /opt/airflow/dags
[2026-05-26T11:50:34.545+0000] {manager.py:741} INFO - There are 0 files in /opt/airflow/dags
[2026-05-26T11:55:34.917+0000] {manager.py:738} INFO - Searching for files in /opt/airflow/dags
[2026-05-26T11:55:34.927+0000] {manager.py:741} INFO - There are 0 files in /opt/airflow/dags
[2026-05-26T12:00:35.368+0000] {manager.py:738} INFO - Searching for files in /opt/airflow/dags
[2026-05-26T12:00:35.387+0000] {manager.py:741} INFO - There are 0 files in /opt/airflow/dags
[2026-05-26T12:05:35.539+0000] {manager.py:738} INFO - Searching for files in /opt/airflow/dags
[2026-05-26T12:05:35.544+0000] {manager.py:741} INFO - There are 0 files in /opt/airflow/dags
[2026-05-26T12:27:46.409+0000] {manager.py:738} INFO - Searching for files in /opt/airflow/dags
[2026-05-26T12:27:46.416+0000] {manager.py:741} INFO - There are 0 files in /opt/airflow/dags
[2026-05-26T13:20:25.941+0000] {manager.py:738} INFO - Searching for files in /opt/airflow/dags
[2026-05-26T13:20:25.958+0000] {manager.py:741} INFO - There are 0 files in /opt/airflow/dags
[2026-05-26T13:25:25.975+0000] {manager.py:738} INFO - Searching for files in /opt/airflow/dags
[2026-05-26T13:25:25.984+0000] {manager.py:741} INFO - There are 0 files in /opt/airflow/dags
[2026-05-26T13:30:26.240+0000] {manager.py:738} INFO - Searching for files in /opt/airflow/dags
[2026-05-26T13:30:26.250+0000] {manager.py:741} INFO - There are 0 files in /opt/airflow/dags
[2026-05-26T13:35:26.987+0000] {manager.py:738} INFO - Searching for files in /opt/airflow/dags
[2026-05-26T13:35:26.999+0000] {manager.py:741} INFO - There are 0 files in /opt/airflow/dags
[2026-05-26T13:40:27.994+0000] {manager.py:738} INFO - Searching for files in /opt/airflow/dags
[2026-05-26T13:40:28.003+0000] {manager.py:741} INFO - There are 0 files in /opt/airflow/dags
[2026-05-26T13:45:28.408+0000] {manager.py:738} INFO - Searching for files in /opt/airflow/dags
[2026-05-26T13:45:28.413+0000] {manager.py:741} INFO - There are 0 files in /opt/airflow/dags
[2026-05-26T13:50:28.923+0000] {manager.py:738} INFO - Searching for files in /opt/airflow/dags
[2026-05-26T13:50:28.934+0000] {manager.py:741} INFO - There are 0 files in /opt/airflow/dags
[2026-05-26T13:55:29.020+0000] {manager.py:738} INFO - Searching for files in /opt/airflow/dags
[2026-05-26T13:55:29.031+0000] {manager.py:741} INFO - There are 0 files in /opt/airflow/dags
[2026-05-26T14:00:29.842+0000] {manager.py:738} INFO - Searching for files in /opt/airflow/dags
[2026-05-26T14:00:29.853+0000] {manager.py:741} INFO - There are 0 files in /opt/airflow/dags
[2026-05-26T14:05:29.929+0000] {manager.py:738} INFO - Searching for files in /opt/airflow/dags
[2026-05-26T14:05:29.943+0000] {manager.py:741} INFO - There are 0 files in /opt/airflow/dags
[2026-05-26T14:10:30.170+0000] {manager.py:738} INFO - Searching for files in /opt/airflow/dags
[2026-05-26T14:10:30.181+0000] {manager.py:741} INFO - There are 0 files in /opt/airflow/dags
[2026-05-26T14:15:30.554+0000] {manager.py:738} INFO - Searching for files in /opt/airflow/dags
[2026-05-26T14:15:30.572+0000] {manager.py:741} INFO - There are 0 files in /opt/airflow/dags
[2026-05-26T14:20:31.297+0000] {manager.py:738} INFO - Searching for files in /opt/airflow/dags
[2026-05-26T14:20:31.306+0000] {manager.py:741} INFO - There are 0 files in /opt/airflow/dags
[2026-05-26T14:25:31.915+0000] {manager.py:738} INFO - Searching for files in /opt/airflow/dags
[2026-05-26T14:25:31.922+0000] {manager.py:741} INFO - There are 0 files in /opt/airflow/dags
[2026-05-26T14:30:32.132+0000] {manager.py:738} INFO - Searching for files in /opt/airflow/dags
[2026-05-26T14:30:32.142+0000] {manager.py:741} INFO - There are 0 files in /opt/airflow/dags
[2026-05-26T14:35:33.033+0000] {manager.py:738} INFO - Searching for files in /opt/airflow/dags
[2026-05-26T14:35:33.038+0000] {manager.py:741} INFO - There are 0 files in /opt/airflow/dags
[2026-05-26T18:23:44.573+0000] {manager.py:469} INFO - Processing files using up to 1 processes at a time 
[2026-05-26T18:23:44.575+0000] {manager.py:470} INFO - Process each file at most once every 30 seconds
[2026-05-26T18:23:44.576+0000] {manager.py:471} INFO - Checking for new files in /opt/airflow/dags every 300 seconds
[2026-05-26T18:23:44.577+0000] {manager.py:738} INFO - Searching for files in /opt/airflow/dags
[2026-05-26T18:23:44.585+0000] {manager.py:741} INFO - There are 0 files in /opt/airflow/dags
[2026-05-26T18:28:45.228+0000] {manager.py:738} INFO - Searching for files in /opt/airflow/dags
[2026-05-26T18:28:45.237+0000] {manager.py:741} INFO - There are 0 files in /opt/airflow/dags
[2026-05-26T18:36:37.262+0000] {manager.py:738} INFO - Searching for files in /opt/airflow/dags
[2026-05-26T18:36:37.270+0000] {manager.py:741} INFO - There are 0 files in /opt/airflow/dags
[2026-05-26T18:58:22.596+0000] {manager.py:738} INFO - Searching for files in /opt/airflow/dags
[2026-05-26T18:58:22.658+0000] {manager.py:741} INFO - There are 0 files in /opt/airflow/dags
[2026-05-26T19:03:22.678+0000] {manager.py:738} INFO - Searching for files in /opt/airflow/dags
[2026-05-26T19:03:22.685+0000] {manager.py:741} INFO - There are 0 files in /opt/airflow/dags
[2026-05-26T19:08:22.772+0000] {manager.py:738} INFO - Searching for files in /opt/airflow/dags
[2026-05-26T19:08:22.789+0000] {manager.py:741} INFO - There are 0 files in /opt/airflow/dags
[2026-05-26T19:13:22.978+0000] {manager.py:738} INFO - Searching for files in /opt/airflow/dags
[2026-05-26T19:13:22.988+0000] {manager.py:741} INFO - There are 0 files in /opt/airflow/dags
[2026-05-29T08:24:52.866+0000] {manager.py:469} INFO - Processing files using up to 1 processes at a time 
[2026-05-29T08:24:52.867+0000] {manager.py:470} INFO - Process each file at most once every 30 seconds
[2026-05-29T08:24:52.868+0000] {manager.py:471} INFO - Checking for new files in /opt/airflow/dags every 300 seconds
[2026-05-29T08:24:52.869+0000] {manager.py:738} INFO - Searching for files in /opt/airflow/dags
[2026-05-29T08:24:52.877+0000] {manager.py:741} INFO - There are 0 files in /opt/airflow/dags
[2026-05-29T08:25:12.320+0000] {manager.py:469} INFO - Processing files using up to 1 processes at a time 
[2026-05-29T08:25:12.321+0000] {manager.py:470} INFO - Process each file at most once every 30 seconds
[2026-05-29T08:25:12.322+0000] {manager.py:471} INFO - Checking for new files in /opt/airflow/dags every 300 seconds
[2026-05-29T08:25:12.324+0000] {manager.py:738} INFO - Searching for files in /opt/airflow/dags
[2026-05-29T08:25:12.332+0000] {manager.py:741} INFO - There are 0 files in /opt/airflow/dags
[2026-05-29T08:30:13.009+0000] {manager.py:738} INFO - Searching for files in /opt/airflow/dags
[2026-05-29T08:30:13.048+0000] {manager.py:741} INFO - There are 0 files in /opt/airflow/dags
[2026-05-29T08:35:13.927+0000] {manager.py:738} INFO - Searching for files in /opt/airflow/dags
[2026-05-29T08:35:13.933+0000] {manager.py:741} INFO - There are 0 files in /opt/airflow/dags
[2026-05-29T08:40:13.982+0000] {manager.py:738} INFO - Searching for files in /opt/airflow/dags
[2026-05-29T08:40:13.988+0000] {manager.py:741} INFO - There are 0 files in /opt/airflow/dags
[2026-05-29T08:45:14.516+0000] {manager.py:738} INFO - Searching for files in /opt/airflow/dags
[2026-05-29T08:45:14.562+0000] {manager.py:741} INFO - There are 0 files in /opt/airflow/dags
[2026-05-29T08:50:15.128+0000] {manager.py:738} INFO - Searching for files in /opt/airflow/dags
[2026-05-29T08:50:15.138+0000] {manager.py:741} INFO - There are 0 files in /opt/airflow/dags
[2026-05-29T08:55:15.805+0000] {manager.py:738} INFO - Searching for files in /opt/airflow/dags
[2026-05-29T08:55:15.832+0000] {manager.py:741} INFO - There are 0 files in /opt/airflow/dags
[2026-05-29T09:00:16.249+0000] {manager.py:738} INFO - Searching for files in /opt/airflow/dags
[2026-05-29T09:00:16.259+0000] {manager.py:741} INFO - There are 0 files in /opt/airflow/dags
[2026-05-29T09:05:16.817+0000] {manager.py:738} INFO - Searching for files in /opt/airflow/dags
[2026-05-29T09:05:16.826+0000] {manager.py:741} INFO - There are 0 files in /opt/airflow/dags
[2026-05-29T09:10:18.116+0000] {manager.py:738} INFO - Searching for files in /opt/airflow/dags
[2026-05-29T09:10:18.128+0000] {manager.py:741} INFO - There are 0 files in /opt/airflow/dags
[2026-05-29T09:15:18.622+0000] {manager.py:738} INFO - Searching for files in /opt/airflow/dags
[2026-05-29T09:15:18.634+0000] {manager.py:741} INFO - There are 0 files in /opt/airflow/dags
[2026-05-29T09:20:18.903+0000] {manager.py:738} INFO - Searching for files in /opt/airflow/dags
[2026-05-29T09:20:18.922+0000] {manager.py:741} INFO - There are 0 files in /opt/airflow/dags
[2026-05-29T10:52:21.185+0000] {manager.py:738} INFO - Searching for files in /opt/airflow/dags
[2026-05-29T10:52:21.218+0000] {manager.py:741} INFO - There are 0 files in /opt/airflow/dags
[2026-05-29T11:00:42.310+0000] {manager.py:738} INFO - Searching for files in /opt/airflow/dags
[2026-05-29T11:00:42.321+0000] {manager.py:741} INFO - There are 0 files in /opt/airflow/dags
[2026-05-29T11:05:42.648+0000] {manager.py:738} INFO - Searching for files in /opt/airflow/dags
[2026-05-29T11:05:42.661+0000] {manager.py:741} INFO - There are 0 files in /opt/airflow/dags
[2026-05-29T11:10:42.719+0000] {manager.py:738} INFO - Searching for files in /opt/airflow/dags
[2026-05-29T11:10:42.730+0000] {manager.py:741} INFO - There are 0 files in /opt/airflow/dags
[2026-05-29T11:15:43.237+0000] {manager.py:738} INFO - Searching for files in /opt/airflow/dags
[2026-05-29T11:15:43.254+0000] {manager.py:741} INFO - There are 0 files in /opt/airflow/dags
[2026-05-29T11:43:02.164+0000] {manager.py:738} INFO - Searching for files in /opt/airflow/dags
[2026-05-29T11:43:02.383+0000] {manager.py:741} INFO - There are 0 files in /opt/airflow/dags
[2026-05-29T11:48:02.835+0000] {manager.py:738} INFO - Searching for files in /opt/airflow/dags
[2026-05-29T11:48:02.850+0000] {manager.py:741} INFO - There are 0 files in /opt/airflow/dags
[2026-05-29T11:53:03.632+0000] {manager.py:738} INFO - Searching for files in /opt/airflow/dags
[2026-05-29T11:53:03.642+0000] {manager.py:741} INFO - There are 0 files in /opt/airflow/dags
[2026-05-29T11:58:04.193+0000] {manager.py:738} INFO - Searching for files in /opt/airflow/dags
[2026-05-29T11:58:04.207+0000] {manager.py:741} INFO - There are 0 files in /opt/airflow/dags
[2026-05-29T12:03:04.733+0000] {manager.py:738} INFO - Searching for files in /opt/airflow/dags
[2026-05-29T12:03:04.744+0000] {manager.py:741} INFO - There are 0 files in /opt/airflow/dags
[2026-05-29T12:08:05.259+0000] {manager.py:738} INFO - Searching for files in /opt/airflow/dags
[2026-05-29T12:08:05.265+0000] {manager.py:741} INFO - There are 0 files in /opt/airflow/dags
[2026-05-29T12:13:05.808+0000] {manager.py:738} INFO - Searching for files in /opt/airflow/dags
[2026-05-29T12:13:05.818+0000] {manager.py:741} INFO - There are 0 files in /opt/airflow/dags
[2026-05-29T12:18:05.862+0000] {manager.py:738} INFO - Searching for files in /opt/airflow/dags
[2026-05-29T12:18:05.874+0000] {manager.py:741} INFO - There are 0 files in /opt/airflow/dags
[2026-05-29T12:23:06.270+0000] {manager.py:738} INFO - Searching for files in /opt/airflow/dags
[2026-05-29T12:23:06.275+0000] {manager.py:741} INFO - There are 0 files in /opt/airflow/dags
[2026-05-29T12:28:07.113+0000] {manager.py:738} INFO - Searching for files in /opt/airflow/dags
[2026-05-29T12:28:07.120+0000] {manager.py:741} INFO - There are 0 files in /opt/airflow/dags
[2026-05-29T12:33:07.918+0000] {manager.py:738} INFO - Searching for files in /opt/airflow/dags
[2026-05-29T12:33:07.926+0000] {manager.py:741} INFO - There are 0 files in /opt/airflow/dags
[2026-05-29T12:38:08.471+0000] {manager.py:738} INFO - Searching for files in /opt/airflow/dags
[2026-05-29T12:38:08.501+0000] {manager.py:741} INFO - There are 0 files in /opt/airflow/dags
[2026-05-29T12:43:09.351+0000] {manager.py:738} INFO - Searching for files in /opt/airflow/dags
[2026-05-29T12:43:09.355+0000] {manager.py:741} INFO - There are 0 files in /opt/airflow/dags
[2026-05-29T12:48:09.991+0000] {manager.py:738} INFO - Searching for files in /opt/airflow/dags
[2026-05-29T12:48:09.999+0000] {manager.py:741} INFO - There are 0 files in /opt/airflow/dags
[2026-05-29T12:53:10.556+0000] {manager.py:738} INFO - Searching for files in /opt/airflow/dags
[2026-05-29T12:53:10.563+0000] {manager.py:741} INFO - There are 0 files in /opt/airflow/dags
[2026-05-29T12:58:11.285+0000] {manager.py:738} INFO - Searching for files in /opt/airflow/dags
[2026-05-29T12:58:11.292+0000] {manager.py:741} INFO - There are 0 files in /opt/airflow/dags
[2026-05-29T13:03:11.571+0000] {manager.py:738} INFO - Searching for files in /opt/airflow/dags
[2026-05-29T13:03:11.581+0000] {manager.py:741} INFO - There are 0 files in /opt/airflow/dags
[2026-05-29T13:08:12.275+0000] {manager.py:738} INFO - Searching for files in /opt/airflow/dags
[2026-05-29T13:08:12.281+0000] {manager.py:741} INFO - There are 0 files in /opt/airflow/dags
[2026-05-29T13:13:12.937+0000] {manager.py:738} INFO - Searching for files in /opt/airflow/dags
[2026-05-29T13:13:12.959+0000] {manager.py:741} INFO - There are 0 files in /opt/airflow/dags
[2026-05-29T13:18:13.493+0000] {manager.py:738} INFO - Searching for files in /opt/airflow/dags
[2026-05-29T13:18:13.500+0000] {manager.py:741} INFO - There are 0 files in /opt/airflow/dags
[2026-05-29T13:23:14.144+0000] {manager.py:738} INFO - Searching for files in /opt/airflow/dags
[2026-05-29T13:23:14.148+0000] {manager.py:741} INFO - There are 0 files in /opt/airflow/dags
[2026-05-29T13:28:14.301+0000] {manager.py:738} INFO - Searching for files in /opt/airflow/dags
[2026-05-29T13:28:14.308+0000] {manager.py:741} INFO - There are 0 files in /opt/airflow/dags
[2026-05-29T13:33:14.469+0000] {manager.py:738} INFO - Searching for files in /opt/airflow/dags
[2026-05-29T13:33:14.481+0000] {manager.py:741} INFO - There are 0 files in /opt/airflow/dags
[2026-05-29T13:38:14.497+0000] {manager.py:738} INFO - Searching for files in /opt/airflow/dags
[2026-05-29T13:38:14.505+0000] {manager.py:741} INFO - There are 0 files in /opt/airflow/dags
[2026-06-01T06:32:38.823+0000] {manager.py:469} INFO - Processing files using up to 1 processes at a time 
[2026-06-01T06:32:38.828+0000] {manager.py:470} INFO - Process each file at most once every 30 seconds
[2026-06-01T06:32:38.834+0000] {manager.py:471} INFO - Checking for new files in /opt/airflow/dags every 300 seconds
[2026-06-01T06:32:38.838+0000] {manager.py:738} INFO - Searching for files in /opt/airflow/dags
[2026-06-01T06:32:38.868+0000] {manager.py:741} INFO - There are 0 files in /opt/airflow/dags
[2026-06-01T06:37:38.926+0000] {manager.py:738} INFO - Searching for files in /opt/airflow/dags
[2026-06-01T06:37:38.938+0000] {manager.py:741} INFO - There are 0 files in /opt/airflow/dags
[2026-06-01T06:42:39.124+0000] {manager.py:738} INFO - Searching for files in /opt/airflow/dags
[2026-06-01T06:42:39.134+0000] {manager.py:741} INFO - There are 0 files in /opt/airflow/dags
[2026-06-01T06:47:39.759+0000] {manager.py:738} INFO - Searching for files in /opt/airflow/dags
[2026-06-01T06:47:39.767+0000] {manager.py:741} INFO - There are 0 files in /opt/airflow/dags
[2026-06-01T06:52:40.173+0000] {manager.py:738} INFO - Searching for files in /opt/airflow/dags
[2026-06-01T06:52:40.180+0000] {manager.py:741} INFO - There are 0 files in /opt/airflow/dags
[2026-06-01T06:57:41.035+0000] {manager.py:738} INFO - Searching for files in /opt/airflow/dags
[2026-06-01T06:57:41.038+0000] {manager.py:741} INFO - There are 0 files in /opt/airflow/dags
[2026-06-01T07:02:41.119+0000] {manager.py:738} INFO - Searching for files in /opt/airflow/dags
[2026-06-01T07:02:41.124+0000] {manager.py:741} INFO - There are 0 files in /opt/airflow/dags
[2026-06-01T07:07:41.551+0000] {manager.py:738} INFO - Searching for files in /opt/airflow/dags
[2026-06-01T07:07:41.555+0000] {manager.py:741} INFO - There are 0 files in /opt/airflow/dags
[2026-06-01T07:12:42.571+0000] {manager.py:738} INFO - Searching for files in /opt/airflow/dags
[2026-06-01T07:12:42.577+0000] {manager.py:741} INFO - There are 0 files in /opt/airflow/dags
[2026-06-01T07:17:42.887+0000] {manager.py:738} INFO - Searching for files in /opt/airflow/dags
[2026-06-01T07:17:42.899+0000] {manager.py:741} INFO - There are 0 files in /opt/airflow/dags
[2026-06-01T07:22:43.858+0000] {manager.py:738} INFO - Searching for files in /opt/airflow/dags
[2026-06-01T07:22:43.866+0000] {manager.py:741} INFO - There are 0 files in /opt/airflow/dags
[2026-06-01T07:27:44.116+0000] {manager.py:738} INFO - Searching for files in /opt/airflow/dags
[2026-06-01T07:27:44.126+0000] {manager.py:741} INFO - There are 0 files in /opt/airflow/dags
[2026-06-01T07:32:45.054+0000] {manager.py:738} INFO - Searching for files in /opt/airflow/dags
[2026-06-01T07:32:45.059+0000] {manager.py:741} INFO - There are 0 files in /opt/airflow/dags
[2026-06-01T07:37:46.051+0000] {manager.py:738} INFO - Searching for files in /opt/airflow/dags
[2026-06-01T07:37:46.059+0000] {manager.py:741} INFO - There are 0 files in /opt/airflow/dags
[2026-06-01T07:42:46.139+0000] {manager.py:738} INFO - Searching for files in /opt/airflow/dags
[2026-06-01T07:42:46.147+0000] {manager.py:741} INFO - There are 0 files in /opt/airflow/dags
[2026-06-01T07:47:46.749+0000] {manager.py:738} INFO - Searching for files in /opt/airflow/dags
[2026-06-01T07:47:46.756+0000] {manager.py:741} INFO - There are 0 files in /opt/airflow/dags
[2026-06-01T07:52:46.824+0000] {manager.py:738} INFO - Searching for files in /opt/airflow/dags
[2026-06-01T07:52:46.828+0000] {manager.py:741} INFO - There are 0 files in /opt/airflow/dags
[2026-06-01T07:57:47.023+0000] {manager.py:738} INFO - Searching for files in /opt/airflow/dags
[2026-06-01T07:57:47.030+0000] {manager.py:741} INFO - There are 0 files in /opt/airflow/dags
[2026-06-01T08:02:47.690+0000] {manager.py:738} INFO - Searching for files in /opt/airflow/dags
[2026-06-01T08:02:47.695+0000] {manager.py:741} INFO - There are 0 files in /opt/airflow/dags
[2026-06-01T08:07:48.635+0000] {manager.py:738} INFO - Searching for files in /opt/airflow/dags
[2026-06-01T08:07:48.646+0000] {manager.py:741} INFO - There are 0 files in /opt/airflow/dags
[2026-06-01T08:12:49.618+0000] {manager.py:738} INFO - Searching for files in /opt/airflow/dags
[2026-06-01T08:12:49.624+0000] {manager.py:741} INFO - There are 0 files in /opt/airflow/dags
[2026-06-01T08:17:50.636+0000] {manager.py:738} INFO - Searching for files in /opt/airflow/dags
[2026-06-01T08:17:50.648+0000] {manager.py:741} INFO - There are 0 files in /opt/airflow/dags
[2026-06-01T08:22:51.217+0000] {manager.py:738} INFO - Searching for files in /opt/airflow/dags
[2026-06-01T08:22:51.228+0000] {manager.py:741} INFO - There are 0 files in /opt/airflow/dags
[2026-06-01T08:27:51.921+0000] {manager.py:738} INFO - Searching for files in /opt/airflow/dags
[2026-06-01T08:27:51.927+0000] {manager.py:741} INFO - There are 0 files in /opt/airflow/dags
[2026-06-01T08:32:52.909+0000] {manager.py:738} INFO - Searching for files in /opt/airflow/dags
[2026-06-01T08:32:52.927+0000] {manager.py:741} INFO - There are 0 files in /opt/airflow/dags
[2026-06-01T08:37:52.954+0000] {manager.py:738} INFO - Searching for files in /opt/airflow/dags
[2026-06-01T08:37:52.962+0000] {manager.py:741} INFO - There are 0 files in /opt/airflow/dags
[2026-06-01T08:42:53.724+0000] {manager.py:738} INFO - Searching for files in /opt/airflow/dags
[2026-06-01T08:42:53.733+0000] {manager.py:741} INFO - There are 0 files in /opt/airflow/dags
[2026-06-01T08:47:54.286+0000] {manager.py:738} INFO - Searching for files in /opt/airflow/dags
[2026-06-01T08:47:54.294+0000] {manager.py:741} INFO - There are 0 files in /opt/airflow/dags
[2026-06-01T08:52:55.231+0000] {manager.py:738} INFO - Searching for files in /opt/airflow/dags
[2026-06-01T08:52:55.238+0000] {manager.py:741} INFO - There are 0 files in /opt/airflow/dags
[2026-06-01T08:57:56.077+0000] {manager.py:738} INFO - Searching for files in /opt/airflow/dags
[2026-06-01T08:57:56.086+0000] {manager.py:741} INFO - There are 0 files in /opt/airflow/dags
[2026-06-01T09:02:56.687+0000] {manager.py:738} INFO - Searching for files in /opt/airflow/dags
[2026-06-01T09:02:56.696+0000] {manager.py:741} INFO - There are 0 files in /opt/airflow/dags
[2026-06-01T09:07:56.780+0000] {manager.py:738} INFO - Searching for files in /opt/airflow/dags
[2026-06-01T09:07:56.793+0000] {manager.py:741} INFO - There are 0 files in /opt/airflow/dags
[2026-06-01T09:12:57.695+0000] {manager.py:738} INFO - Searching for files in /opt/airflow/dags
[2026-06-01T09:12:57.706+0000] {manager.py:741} INFO - There are 0 files in /opt/airflow/dags
[2026-06-01T09:17:58.136+0000] {manager.py:738} INFO - Searching for files in /opt/airflow/dags
[2026-06-01T09:17:58.142+0000] {manager.py:741} INFO - There are 0 files in /opt/airflow/dags
[2026-06-01T09:22:59.137+0000] {manager.py:738} INFO - Searching for files in /opt/airflow/dags
[2026-06-01T09:22:59.144+0000] {manager.py:741} INFO - There are 0 files in /opt/airflow/dags
[2026-06-01T09:27:59.877+0000] {manager.py:738} INFO - Searching for files in /opt/airflow/dags
[2026-06-01T09:27:59.892+0000] {manager.py:741} INFO - There are 0 files in /opt/airflow/dags
[2026-06-01T09:33:00.196+0000] {manager.py:738} INFO - Searching for files in /opt/airflow/dags
[2026-06-01T09:33:00.214+0000] {manager.py:741} INFO - There are 0 files in /opt/airflow/dags
[2026-06-01T09:38:00.257+0000] {manager.py:738} INFO - Searching for files in /opt/airflow/dags
[2026-06-01T09:38:00.261+0000] {manager.py:741} INFO - There are 0 files in /opt/airflow/dags
[2026-06-01T09:43:01.117+0000] {manager.py:738} INFO - Searching for files in /opt/airflow/dags
[2026-06-01T09:43:01.125+0000] {manager.py:741} INFO - There are 0 files in /opt/airflow/dags
[2026-06-01T09:48:02.007+0000] {manager.py:738} INFO - Searching for files in /opt/airflow/dags
[2026-06-01T09:48:02.018+0000] {manager.py:741} INFO - There are 0 files in /opt/airflow/dags
[2026-06-01T11:01:07.033+0000] {manager.py:738} INFO - Searching for files in /opt/airflow/dags
[2026-06-01T11:01:07.039+0000] {manager.py:741} INFO - There are 0 files in /opt/airflow/dags
[2026-06-01T11:06:07.180+0000] {manager.py:738} INFO - Searching for files in /opt/airflow/dags
[2026-06-01T11:06:07.188+0000] {manager.py:741} INFO - There are 0 files in /opt/airflow/dags
[2026-06-01T11:11:07.424+0000] {manager.py:738} INFO - Searching for files in /opt/airflow/dags
[2026-06-01T11:11:07.430+0000] {manager.py:741} INFO - There are 0 files in /opt/airflow/dags
[2026-06-01T11:16:07.444+0000] {manager.py:738} INFO - Searching for files in /opt/airflow/dags
[2026-06-01T11:16:07.452+0000] {manager.py:741} INFO - There are 0 files in /opt/airflow/dags
[2026-06-01T11:36:07.677+0000] {manager.py:738} INFO - Searching for files in /opt/airflow/dags
[2026-06-01T11:36:07.691+0000] {manager.py:741} INFO - There are 0 files in /opt/airflow/dags
[2026-06-01T12:00:32.766+0000] {manager.py:738} INFO - Searching for files in /opt/airflow/dags
[2026-06-01T12:00:32.803+0000] {manager.py:741} INFO - There are 0 files in /opt/airflow/dags
[2026-06-01T12:05:32.845+0000] {manager.py:738} INFO - Searching for files in /opt/airflow/dags
[2026-06-01T12:05:32.852+0000] {manager.py:741} INFO - There are 0 files in /opt/airflow/dags
[2026-06-01T12:10:33.648+0000] {manager.py:738} INFO - Searching for files in /opt/airflow/dags
[2026-06-01T12:10:33.687+0000] {manager.py:741} INFO - There are 0 files in /opt/airflow/dags
[2026-06-01T12:15:34.683+0000] {manager.py:738} INFO - Searching for files in /opt/airflow/dags
[2026-06-01T12:15:34.694+0000] {manager.py:741} INFO - There are 0 files in /opt/airflow/dags
[2026-06-01T12:20:34.828+0000] {manager.py:738} INFO - Searching for files in /opt/airflow/dags
[2026-06-01T12:20:34.836+0000] {manager.py:741} INFO - There are 0 files in /opt/airflow/dags
[2026-06-01T12:25:35.631+0000] {manager.py:738} INFO - Searching for files in /opt/airflow/dags
[2026-06-01T12:25:35.642+0000] {manager.py:741} INFO - There are 0 files in /opt/airflow/dags
[2026-06-01T12:30:35.658+0000] {manager.py:738} INFO - Searching for files in /opt/airflow/dags
[2026-06-01T12:30:35.667+0000] {manager.py:741} INFO - There are 0 files in /opt/airflow/dags
[2026-06-01T12:35:36.444+0000] {manager.py:738} INFO - Searching for files in /opt/airflow/dags
[2026-06-01T12:35:36.452+0000] {manager.py:741} INFO - There are 0 files in /opt/airflow/dags
[2026-06-01T12:40:37.265+0000] {manager.py:738} INFO - Searching for files in /opt/airflow/dags
[2026-06-01T12:40:37.274+0000] {manager.py:741} INFO - There are 0 files in /opt/airflow/dags
[2026-06-01T13:30:39.926+0000] {manager.py:738} INFO - Searching for files in /opt/airflow/dags
[2026-06-01T13:30:39.982+0000] {manager.py:741} INFO - There are 0 files in /opt/airflow/dags
[2026-06-01T14:39:30.032+0000] {manager.py:738} INFO - Searching for files in /opt/airflow/dags
[2026-06-01T14:39:30.085+0000] {manager.py:741} INFO - There are 0 files in /opt/airflow/dags
[2026-06-01T14:44:30.810+0000] {manager.py:738} INFO - Searching for files in /opt/airflow/dags
[2026-06-01T14:44:30.818+0000] {manager.py:741} INFO - There are 0 files in /opt/airflow/dags
[2026-06-01T14:49:30.908+0000] {manager.py:738} INFO - Searching for files in /opt/airflow/dags
[2026-06-01T14:49:30.922+0000] {manager.py:741} INFO - There are 0 files in /opt/airflow/dags
[2026-06-01T14:54:30.934+0000] {manager.py:738} INFO - Searching for files in /opt/airflow/dags
[2026-06-01T14:54:30.943+0000] {manager.py:741} INFO - There are 0 files in /opt/airflow/dags
[2026-06-01T15:19:56.374+0000] {manager.py:738} INFO - Searching for files in /opt/airflow/dags
[2026-06-01T15:19:56.381+0000] {manager.py:741} INFO - There are 0 files in /opt/airflow/dags
[2026-06-01T15:24:57.348+0000] {manager.py:738} INFO - Searching for files in /opt/airflow/dags
[2026-06-01T15:24:57.360+0000] {manager.py:741} INFO - There are 0 files in /opt/airflow/dags
[2026-06-01T15:29:58.073+0000] {manager.py:738} INFO - Searching for files in /opt/airflow/dags
[2026-06-01T15:29:58.090+0000] {manager.py:741} INFO - There are 0 files in /opt/airflow/dags
[2026-06-01T15:34:58.987+0000] {manager.py:738} INFO - Searching for files in /opt/airflow/dags
[2026-06-01T15:34:58.996+0000] {manager.py:741} INFO - There are 0 files in /opt/airflow/dags
[2026-06-01T15:39:59.968+0000] {manager.py:738} INFO - Searching for files in /opt/airflow/dags
[2026-06-01T15:39:59.980+0000] {manager.py:741} INFO - There are 0 files in /opt/airflow/dags
[2026-06-01T15:45:00.875+0000] {manager.py:738} INFO - Searching for files in /opt/airflow/dags
[2026-06-01T15:45:00.884+0000] {manager.py:741} INFO - There are 0 files in /opt/airflow/dags
[2026-06-01T15:50:01.641+0000] {manager.py:738} INFO - Searching for files in /opt/airflow/dags
[2026-06-01T15:50:01.651+0000] {manager.py:741} INFO - There are 0 files in /opt/airflow/dags
[2026-06-01T15:55:02.397+0000] {manager.py:738} INFO - Searching for files in /opt/airflow/dags
[2026-06-01T15:55:02.405+0000] {manager.py:741} INFO - There are 0 files in /opt/airflow/dags
[2026-06-01T16:00:03.237+0000] {manager.py:738} INFO - Searching for files in /opt/airflow/dags
[2026-06-01T16:00:03.292+0000] {manager.py:741} INFO - There are 0 files in /opt/airflow/dags
[2026-06-01T16:05:04.010+0000] {manager.py:738} INFO - Searching for files in /opt/airflow/dags
[2026-06-01T16:05:04.018+0000] {manager.py:741} INFO - There are 0 files in /opt/airflow/dags
[2026-06-01T16:10:04.804+0000] {manager.py:738} INFO - Searching for files in /opt/airflow/dags
[2026-06-01T16:10:04.818+0000] {manager.py:741} INFO - There are 0 files in /opt/airflow/dags
[2026-06-01T16:15:05.834+0000] {manager.py:738} INFO - Searching for files in /opt/airflow/dags
[2026-06-01T16:15:05.850+0000] {manager.py:741} INFO - There are 0 files in /opt/airflow/dags
[2026-06-01T16:20:05.993+0000] {manager.py:738} INFO - Searching for files in /opt/airflow/dags
[2026-06-01T16:20:06.006+0000] {manager.py:741} INFO - There are 0 files in /opt/airflow/dags
[2026-06-01T16:25:06.480+0000] {manager.py:738} INFO - Searching for files in /opt/airflow/dags
[2026-06-01T16:25:06.513+0000] {manager.py:741} INFO - There are 0 files in /opt/airflow/dags
[2026-06-01T16:30:07.143+0000] {manager.py:738} INFO - Searching for files in /opt/airflow/dags
[2026-06-01T16:30:07.158+0000] {manager.py:741} INFO - There are 0 files in /opt/airflow/dags
[2026-06-01T16:35:07.617+0000] {manager.py:738} INFO - Searching for files in /opt/airflow/dags
[2026-06-01T16:35:07.644+0000] {manager.py:741} INFO - There are 0 files in /opt/airflow/dags
[2026-06-01T16:40:08.599+0000] {manager.py:738} INFO - Searching for files in /opt/airflow/dags
[2026-06-01T16:40:08.621+0000] {manager.py:741} INFO - There are 0 files in /opt/airflow/dags
[2026-06-01T16:45:09.453+0000] {manager.py:738} INFO - Searching for files in /opt/airflow/dags
[2026-06-01T16:45:09.468+0000] {manager.py:741} INFO - There are 0 files in /opt/airflow/dags
[2026-06-01T16:50:10.185+0000] {manager.py:738} INFO - Searching for files in /opt/airflow/dags
[2026-06-01T16:50:10.202+0000] {manager.py:741} INFO - There are 0 files in /opt/airflow/dags
[2026-06-01T16:55:10.853+0000] {manager.py:738} INFO - Searching for files in /opt/airflow/dags
[2026-06-01T16:55:10.863+0000] {manager.py:741} INFO - There are 0 files in /opt/airflow/dags
[2026-06-01T17:00:11.159+0000] {manager.py:738} INFO - Searching for files in /opt/airflow/dags
[2026-06-01T17:00:11.174+0000] {manager.py:741} INFO - There are 0 files in /opt/airflow/dags
[2026-06-01T17:05:12.003+0000] {manager.py:738} INFO - Searching for files in /opt/airflow/dags
[2026-06-01T17:05:12.018+0000] {manager.py:741} INFO - There are 0 files in /opt/airflow/dags
[2026-06-01T17:10:12.257+0000] {manager.py:738} INFO - Searching for files in /opt/airflow/dags
[2026-06-01T17:10:12.279+0000] {manager.py:741} INFO - There are 0 files in /opt/airflow/dags
[2026-06-01T17:15:12.948+0000] {manager.py:738} INFO - Searching for files in /opt/airflow/dags
[2026-06-01T17:15:12.962+0000] {manager.py:741} INFO - There are 0 files in /opt/airflow/dags
[2026-06-01T17:20:13.190+0000] {manager.py:738} INFO - Searching for files in /opt/airflow/dags
[2026-06-01T17:20:13.205+0000] {manager.py:741} INFO - There are 0 files in /opt/airflow/dags
[2026-06-01T17:25:13.200+0000] {manager.py:738} INFO - Searching for files in /opt/airflow/dags
[2026-06-01T17:25:13.205+0000] {manager.py:741} INFO - There are 0 files in /opt/airflow/dags
[2026-06-01T17:30:13.354+0000] {manager.py:738} INFO - Searching for files in /opt/airflow/dags
[2026-06-01T17:30:13.361+0000] {manager.py:741} INFO - There are 0 files in /opt/airflow/dags
[2026-06-01T17:35:14.191+0000] {manager.py:738} INFO - Searching for files in /opt/airflow/dags
[2026-06-01T17:35:14.200+0000] {manager.py:741} INFO - There are 0 files in /opt/airflow/dags
[2026-06-01T17:40:14.550+0000] {manager.py:738} INFO - Searching for files in /opt/airflow/dags
[2026-06-01T17:40:14.571+0000] {manager.py:741} INFO - There are 0 files in /opt/airflow/dags
[2026-06-01T17:45:15.253+0000] {manager.py:738} INFO - Searching for files in /opt/airflow/dags
[2026-06-01T17:45:15.261+0000] {manager.py:741} INFO - There are 0 files in /opt/airflow/dags
[2026-06-01T17:50:16.104+0000] {manager.py:738} INFO - Searching for files in /opt/airflow/dags
[2026-06-01T17:50:16.109+0000] {manager.py:741} INFO - There are 0 files in /opt/airflow/dags
[2026-06-01T17:55:16.236+0000] {manager.py:738} INFO - Searching for files in /opt/airflow/dags
[2026-06-01T17:55:16.246+0000] {manager.py:741} INFO - There are 0 files in /opt/airflow/dags
[2026-06-01T18:00:16.305+0000] {manager.py:738} INFO - Searching for files in /opt/airflow/dags
[2026-06-01T18:00:16.317+0000] {manager.py:741} INFO - There are 0 files in /opt/airflow/dags
[2026-06-01T18:05:17.295+0000] {manager.py:738} INFO - Searching for files in /opt/airflow/dags
[2026-06-01T18:05:17.304+0000] {manager.py:741} INFO - There are 0 files in /opt/airflow/dags
[2026-06-01T18:10:18.751+0000] {manager.py:738} INFO - Searching for files in /opt/airflow/dags
[2026-06-01T18:10:18.760+0000] {manager.py:741} INFO - There are 0 files in /opt/airflow/dags
[2026-06-01T18:15:19.760+0000] {manager.py:738} INFO - Searching for files in /opt/airflow/dags
[2026-06-01T18:15:19.772+0000] {manager.py:741} INFO - There are 0 files in /opt/airflow/dags
[2026-06-01T18:20:20.184+0000] {manager.py:738} INFO - Searching for files in /opt/airflow/dags
[2026-06-01T18:20:20.194+0000] {manager.py:741} INFO - There are 0 files in /opt/airflow/dags
[2026-06-01T18:25:20.223+0000] {manager.py:738} INFO - Searching for files in /opt/airflow/dags
[2026-06-01T18:25:20.235+0000] {manager.py:741} INFO - There are 0 files in /opt/airflow/dags
[2026-06-01T18:30:20.510+0000] {manager.py:738} INFO - Searching for files in /opt/airflow/dags
[2026-06-01T18:30:20.515+0000] {manager.py:741} INFO - There are 0 files in /opt/airflow/dags
[2026-06-01T18:35:21.168+0000] {manager.py:738} INFO - Searching for files in /opt/airflow/dags
[2026-06-01T18:35:21.176+0000] {manager.py:741} INFO - There are 0 files in /opt/airflow/dags
[2026-06-01T18:40:21.830+0000] {manager.py:738} INFO - Searching for files in /opt/airflow/dags
[2026-06-01T18:40:21.838+0000] {manager.py:741} INFO - There are 0 files in /opt/airflow/dags
[2026-06-01T18:45:22.672+0000] {manager.py:738} INFO - Searching for files in /opt/airflow/dags
[2026-06-01T18:45:22.682+0000] {manager.py:741} INFO - There are 0 files in /opt/airflow/dags
[2026-06-01T18:50:23.565+0000] {manager.py:738} INFO - Searching for files in /opt/airflow/dags
[2026-06-01T18:50:23.578+0000] {manager.py:741} INFO - There are 0 files in /opt/airflow/dags
[2026-06-01T18:55:24.576+0000] {manager.py:738} INFO - Searching for files in /opt/airflow/dags
[2026-06-01T18:55:24.583+0000] {manager.py:741} INFO - There are 0 files in /opt/airflow/dags
[2026-06-01T19:00:25.265+0000] {manager.py:738} INFO - Searching for files in /opt/airflow/dags
[2026-06-01T19:00:25.270+0000] {manager.py:741} INFO - There are 0 files in /opt/airflow/dags
[2026-06-01T19:05:25.582+0000] {manager.py:738} INFO - Searching for files in /opt/airflow/dags
[2026-06-01T19:05:25.597+0000] {manager.py:741} INFO - There are 0 files in /opt/airflow/dags
[2026-06-01T19:10:26.448+0000] {manager.py:738} INFO - Searching for files in /opt/airflow/dags
[2026-06-01T19:10:26.463+0000] {manager.py:741} INFO - There are 0 files in /opt/airflow/dags
[2026-06-01T19:15:27.231+0000] {manager.py:738} INFO - Searching for files in /opt/airflow/dags
[2026-06-01T19:15:27.246+0000] {manager.py:741} INFO - There are 0 files in /opt/airflow/dags
[2026-06-01T19:20:27.252+0000] {manager.py:738} INFO - Searching for files in /opt/airflow/dags
[2026-06-01T19:20:27.262+0000] {manager.py:741} INFO - There are 0 files in /opt/airflow/dags
[2026-06-01T19:25:27.675+0000] {manager.py:738} INFO - Searching for files in /opt/airflow/dags
[2026-06-01T19:25:27.697+0000] {manager.py:741} INFO - There are 0 files in /opt/airflow/dags
[2026-06-01T19:30:27.709+0000] {manager.py:738} INFO - Searching for files in /opt/airflow/dags
[2026-06-01T19:30:27.721+0000] {manager.py:741} INFO - There are 0 files in /opt/airflow/dags
[2026-06-01T19:35:27.814+0000] {manager.py:738} INFO - Searching for files in /opt/airflow/dags
[2026-06-01T19:35:27.829+0000] {manager.py:741} INFO - There are 0 files in /opt/airflow/dags
[2026-06-01T19:40:28.398+0000] {manager.py:738} INFO - Searching for files in /opt/airflow/dags
[2026-06-01T19:40:28.423+0000] {manager.py:741} INFO - There are 0 files in /opt/airflow/dags
[2026-06-01T19:45:28.954+0000] {manager.py:738} INFO - Searching for files in /opt/airflow/dags
[2026-06-01T19:45:28.964+0000] {manager.py:741} INFO - There are 0 files in /opt/airflow/dags
[2026-06-01T19:50:29.075+0000] {manager.py:738} INFO - Searching for files in /opt/airflow/dags
[2026-06-01T19:50:29.083+0000] {manager.py:741} INFO - There are 0 files in /opt/airflow/dags
[2026-06-01T19:55:29.093+0000] {manager.py:738} INFO - Searching for files in /opt/airflow/dags
[2026-06-01T19:55:29.103+0000] {manager.py:741} INFO - There are 0 files in /opt/airflow/dags
[2026-06-01T20:00:29.664+0000] {manager.py:738} INFO - Searching for files in /opt/airflow/dags
[2026-06-01T20:00:29.678+0000] {manager.py:741} INFO - There are 0 files in /opt/airflow/dags
[2026-06-01T20:05:29.927+0000] {manager.py:738} INFO - Searching for files in /opt/airflow/dags
[2026-06-01T20:05:29.936+0000] {manager.py:741} INFO - There are 0 files in /opt/airflow/dags
[2026-06-01T20:10:30.325+0000] {manager.py:738} INFO - Searching for files in /opt/airflow/dags
[2026-06-01T20:10:30.335+0000] {manager.py:741} INFO - There are 0 files in /opt/airflow/dags
[2026-06-01T20:15:30.389+0000] {manager.py:738} INFO - Searching for files in /opt/airflow/dags
[2026-06-01T20:15:30.406+0000] {manager.py:741} INFO - There are 0 files in /opt/airflow/dags
[2026-06-01T20:20:31.173+0000] {manager.py:738} INFO - Searching for files in /opt/airflow/dags
[2026-06-01T20:20:31.182+0000] {manager.py:741} INFO - There are 0 files in /opt/airflow/dags
[2026-06-01T20:25:31.749+0000] {manager.py:738} INFO - Searching for files in /opt/airflow/dags
[2026-06-01T20:25:31.754+0000] {manager.py:741} INFO - There are 0 files in /opt/airflow/dags
[2026-06-01T20:30:31.998+0000] {manager.py:738} INFO - Searching for files in /opt/airflow/dags
[2026-06-01T20:30:32.007+0000] {manager.py:741} INFO - There are 0 files in /opt/airflow/dags
[2026-06-01T20:35:32.270+0000] {manager.py:738} INFO - Searching for files in /opt/airflow/dags
[2026-06-01T20:35:32.278+0000] {manager.py:741} INFO - There are 0 files in /opt/airflow/dags
[2026-06-01T20:40:32.546+0000] {manager.py:738} INFO - Searching for files in /opt/airflow/dags
[2026-06-01T20:40:32.561+0000] {manager.py:741} INFO - There are 0 files in /opt/airflow/dags
[2026-06-01T20:45:33.416+0000] {manager.py:738} INFO - Searching for files in /opt/airflow/dags
[2026-06-01T20:45:33.431+0000] {manager.py:741} INFO - There are 0 files in /opt/airflow/dags
[2026-06-01T20:50:33.920+0000] {manager.py:738} INFO - Searching for files in /opt/airflow/dags
[2026-06-01T20:50:33.924+0000] {manager.py:741} INFO - There are 0 files in /opt/airflow/dags
[2026-06-01T20:55:34.162+0000] {manager.py:738} INFO - Searching for files in /opt/airflow/dags
[2026-06-01T20:55:34.171+0000] {manager.py:741} INFO - There are 0 files in /opt/airflow/dags
[2026-06-01T21:00:34.411+0000] {manager.py:738} INFO - Searching for files in /opt/airflow/dags
[2026-06-01T21:00:34.425+0000] {manager.py:741} INFO - There are 0 files in /opt/airflow/dags
[2026-06-01T21:05:34.715+0000] {manager.py:738} INFO - Searching for files in /opt/airflow/dags
[2026-06-01T21:05:34.729+0000] {manager.py:741} INFO - There are 0 files in /opt/airflow/dags
[2026-06-01T21:10:35.667+0000] {manager.py:738} INFO - Searching for files in /opt/airflow/dags
[2026-06-01T21:10:35.678+0000] {manager.py:741} INFO - There are 0 files in /opt/airflow/dags
[2026-06-02T10:14:04.471+0000] {manager.py:469} INFO - Processing files using up to 1 processes at a time 
[2026-06-02T10:14:04.473+0000] {manager.py:470} INFO - Process each file at most once every 30 seconds
[2026-06-02T10:14:04.473+0000] {manager.py:471} INFO - Checking for new files in /opt/airflow/dags every 300 seconds
[2026-06-02T10:14:04.474+0000] {manager.py:738} INFO - Searching for files in /opt/airflow/dags
[2026-06-02T10:14:04.479+0000] {manager.py:741} INFO - There are 0 files in /opt/airflow/dags
[2026-06-02T10:15:55.512+0000] {manager.py:469} INFO - Processing files using up to 1 processes at a time 
[2026-06-02T10:15:55.513+0000] {manager.py:470} INFO - Process each file at most once every 30 seconds
[2026-06-02T10:15:55.514+0000] {manager.py:471} INFO - Checking for new files in /opt/airflow/dags every 300 seconds
[2026-06-02T10:15:55.514+0000] {manager.py:738} INFO - Searching for files in /opt/airflow/dags
[2026-06-02T10:15:55.520+0000] {manager.py:741} INFO - There are 0 files in /opt/airflow/dags
[2026-06-02T10:20:55.850+0000] {manager.py:738} INFO - Searching for files in /opt/airflow/dags
[2026-06-02T10:20:55.861+0000] {manager.py:741} INFO - There are 0 files in /opt/airflow/dags
[2026-06-02T10:25:56.288+0000] {manager.py:738} INFO - Searching for files in /opt/airflow/dags
[2026-06-02T10:25:56.298+0000] {manager.py:741} INFO - There are 0 files in /opt/airflow/dags
[2026-06-02T10:30:57.218+0000] {manager.py:738} INFO - Searching for files in /opt/airflow/dags
[2026-06-02T10:30:57.239+0000] {manager.py:741} INFO - There are 0 files in /opt/airflow/dags
[2026-06-02T10:35:57.226+0000] {manager.py:738} INFO - Searching for files in /opt/airflow/dags
[2026-06-02T10:35:57.236+0000] {manager.py:741} INFO - There are 0 files in /opt/airflow/dags
[2026-06-02T10:40:58.398+0000] {manager.py:738} INFO - Searching for files in /opt/airflow/dags
[2026-06-02T10:40:58.407+0000] {manager.py:741} INFO - There are 0 files in /opt/airflow/dags
[2026-06-02T11:12:11.015+0000] {manager.py:738} INFO - Searching for files in /opt/airflow/dags
[2026-06-02T11:12:11.033+0000] {manager.py:741} INFO - There are 0 files in /opt/airflow/dags
[2026-06-02T11:17:11.340+0000] {manager.py:738} INFO - Searching for files in /opt/airflow/dags
[2026-06-02T11:17:11.366+0000] {manager.py:741} INFO - There are 0 files in /opt/airflow/dags
[2026-06-02T11:22:11.924+0000] {manager.py:738} INFO - Searching for files in /opt/airflow/dags
[2026-06-02T11:22:11.932+0000] {manager.py:741} INFO - There are 0 files in /opt/airflow/dags
[2026-06-02T11:27:11.935+0000] {manager.py:738} INFO - Searching for files in /opt/airflow/dags
[2026-06-02T11:27:11.946+0000] {manager.py:741} INFO - There are 0 files in /opt/airflow/dags
[2026-06-02T11:32:12.954+0000] {manager.py:738} INFO - Searching for files in /opt/airflow/dags
[2026-06-02T11:32:12.964+0000] {manager.py:741} INFO - There are 0 files in /opt/airflow/dags
[2026-06-02T11:37:13.708+0000] {manager.py:738} INFO - Searching for files in /opt/airflow/dags
[2026-06-02T11:37:13.715+0000] {manager.py:741} INFO - There are 0 files in /opt/airflow/dags
[2026-06-02T11:42:14.315+0000] {manager.py:738} INFO - Searching for files in /opt/airflow/dags
[2026-06-02T11:42:14.325+0000] {manager.py:741} INFO - There are 0 files in /opt/airflow/dags
[2026-06-02T11:47:15.019+0000] {manager.py:738} INFO - Searching for files in /opt/airflow/dags
[2026-06-02T11:47:15.025+0000] {manager.py:741} INFO - There are 0 files in /opt/airflow/dags
[2026-06-02T11:52:15.380+0000] {manager.py:738} INFO - Searching for files in /opt/airflow/dags
[2026-06-02T11:52:15.397+0000] {manager.py:741} INFO - There are 0 files in /opt/airflow/dags
[2026-06-02T11:57:15.678+0000] {manager.py:738} INFO - Searching for files in /opt/airflow/dags
[2026-06-02T11:57:15.687+0000] {manager.py:741} INFO - There are 0 files in /opt/airflow/dags
[2026-06-02T12:02:16.038+0000] {manager.py:738} INFO - Searching for files in /opt/airflow/dags
[2026-06-02T12:02:16.047+0000] {manager.py:741} INFO - There are 0 files in /opt/airflow/dags
[2026-06-02T12:07:16.510+0000] {manager.py:738} INFO - Searching for files in /opt/airflow/dags
[2026-06-02T12:07:16.518+0000] {manager.py:741} INFO - There are 0 files in /opt/airflow/dags
[2026-06-02T12:12:17.156+0000] {manager.py:738} INFO - Searching for files in /opt/airflow/dags
[2026-06-02T12:12:17.169+0000] {manager.py:741} INFO - There are 0 files in /opt/airflow/dags
[2026-06-02T12:17:17.436+0000] {manager.py:738} INFO - Searching for files in /opt/airflow/dags
[2026-06-02T12:17:17.450+0000] {manager.py:741} INFO - There are 0 files in /opt/airflow/dags
[2026-06-02T12:22:17.772+0000] {manager.py:738} INFO - Searching for files in /opt/airflow/dags
[2026-06-02T12:22:17.780+0000] {manager.py:741} INFO - There are 0 files in /opt/airflow/dags
[2026-06-02T12:27:18.412+0000] {manager.py:738} INFO - Searching for files in /opt/airflow/dags
[2026-06-02T12:27:18.418+0000] {manager.py:741} INFO - There are 0 files in /opt/airflow/dags
[2026-06-02T12:32:18.714+0000] {manager.py:738} INFO - Searching for files in /opt/airflow/dags
[2026-06-02T12:32:18.719+0000] {manager.py:741} INFO - There are 0 files in /opt/airflow/dags
[2026-06-02T12:37:19.036+0000] {manager.py:738} INFO - Searching for files in /opt/airflow/dags
[2026-06-02T12:37:19.045+0000] {manager.py:741} INFO - There are 0 files in /opt/airflow/dags
[2026-06-02T13:37:45.152+0000] {manager.py:738} INFO - Searching for files in /opt/airflow/dags
[2026-06-02T13:37:45.252+0000] {manager.py:741} INFO - There are 0 files in /opt/airflow/dags
[2026-06-02T13:42:45.190+0000] {manager.py:738} INFO - Searching for files in /opt/airflow/dags
[2026-06-02T13:42:45.197+0000] {manager.py:741} INFO - There are 0 files in /opt/airflow/dags
[2026-06-02T13:47:45.421+0000] {manager.py:738} INFO - Searching for files in /opt/airflow/dags
[2026-06-02T13:47:45.439+0000] {manager.py:741} INFO - There are 0 files in /opt/airflow/dags
[2026-06-02T13:52:46.068+0000] {manager.py:738} INFO - Searching for files in /opt/airflow/dags
[2026-06-02T13:52:46.080+0000] {manager.py:741} INFO - There are 0 files in /opt/airflow/dags
[2026-06-02T13:57:46.082+0000] {manager.py:738} INFO - Searching for files in /opt/airflow/dags
[2026-06-02T13:57:46.090+0000] {manager.py:741} INFO - There are 0 files in /opt/airflow/dags
[2026-06-02T14:02:46.919+0000] {manager.py:738} INFO - Searching for files in /opt/airflow/dags
[2026-06-02T14:02:46.932+0000] {manager.py:741} INFO - There are 0 files in /opt/airflow/dags
[2026-06-02T14:07:47.900+0000] {manager.py:738} INFO - Searching for files in /opt/airflow/dags
[2026-06-02T14:07:47.905+0000] {manager.py:741} INFO - There are 0 files in /opt/airflow/dags
[2026-06-02T14:12:48.069+0000] {manager.py:738} INFO - Searching for files in /opt/airflow/dags
[2026-06-02T14:12:48.074+0000] {manager.py:741} INFO - There are 0 files in /opt/airflow/dags
[2026-06-02T14:17:48.556+0000] {manager.py:738} INFO - Searching for files in /opt/airflow/dags
[2026-06-02T14:17:48.580+0000] {manager.py:741} INFO - There are 0 files in /opt/airflow/dags
[2026-06-02T14:22:49.142+0000] {manager.py:738} INFO - Searching for files in /opt/airflow/dags
[2026-06-02T14:22:49.151+0000] {manager.py:741} INFO - There are 0 files in /opt/airflow/dags
[2026-06-02T14:27:50.064+0000] {manager.py:738} INFO - Searching for files in /opt/airflow/dags
[2026-06-02T14:27:50.069+0000] {manager.py:741} INFO - There are 0 files in /opt/airflow/dags
[2026-06-02T14:32:50.889+0000] {manager.py:738} INFO - Searching for files in /opt/airflow/dags
[2026-06-02T14:32:50.894+0000] {manager.py:741} INFO - There are 0 files in /opt/airflow/dags
[2026-06-02T14:37:51.168+0000] {manager.py:738} INFO - Searching for files in /opt/airflow/dags
[2026-06-02T14:37:51.191+0000] {manager.py:741} INFO - There are 0 files in /opt/airflow/dags
[2026-06-02T14:42:51.550+0000] {manager.py:738} INFO - Searching for files in /opt/airflow/dags
[2026-06-02T14:42:51.557+0000] {manager.py:741} INFO - There are 0 files in /opt/airflow/dags
[2026-06-02T14:47:51.953+0000] {manager.py:738} INFO - Searching for files in /opt/airflow/dags
[2026-06-02T14:47:51.967+0000] {manager.py:741} INFO - There are 0 files in /opt/airflow/dags
[2026-06-02T14:52:52.045+0000] {manager.py:738} INFO - Searching for files in /opt/airflow/dags
[2026-06-02T14:52:52.059+0000] {manager.py:741} INFO - There are 0 files in /opt/airflow/dags
[2026-06-02T18:15:24.145+0000] {manager.py:469} INFO - Processing files using up to 1 processes at a time 
[2026-06-02T18:15:24.147+0000] {manager.py:470} INFO - Process each file at most once every 30 seconds
[2026-06-02T18:15:24.148+0000] {manager.py:471} INFO - Checking for new files in /opt/airflow/dags every 300 seconds
[2026-06-02T18:15:24.149+0000] {manager.py:738} INFO - Searching for files in /opt/airflow/dags
[2026-06-02T18:15:24.156+0000] {manager.py:741} INFO - There are 0 files in /opt/airflow/dags
[2026-06-02T18:20:24.229+0000] {manager.py:738} INFO - Searching for files in /opt/airflow/dags
[2026-06-02T18:20:24.239+0000] {manager.py:741} INFO - There are 0 files in /opt/airflow/dags
[2026-06-02T18:25:24.644+0000] {manager.py:738} INFO - Searching for files in /opt/airflow/dags
[2026-06-02T18:25:24.654+0000] {manager.py:741} INFO - There are 0 files in /opt/airflow/dags
[2026-06-02T18:30:48.181+0000] {manager.py:738} INFO - Searching for files in /opt/airflow/dags
[2026-06-02T18:30:48.188+0000] {manager.py:741} INFO - There are 0 files in /opt/airflow/dags
[2026-06-02T18:35:48.417+0000] {manager.py:738} INFO - Searching for files in /opt/airflow/dags
[2026-06-02T18:35:48.426+0000] {manager.py:741} INFO - There are 0 files in /opt/airflow/dags
[2026-06-02T18:40:48.667+0000] {manager.py:738} INFO - Searching for files in /opt/airflow/dags
[2026-06-02T18:40:48.673+0000] {manager.py:741} INFO - There are 0 files in /opt/airflow/dags
[2026-06-02T18:45:48.915+0000] {manager.py:738} INFO - Searching for files in /opt/airflow/dags
[2026-06-02T18:45:48.925+0000] {manager.py:741} INFO - There are 0 files in /opt/airflow/dags
[2026-06-02T18:50:49.160+0000] {manager.py:738} INFO - Searching for files in /opt/airflow/dags
[2026-06-02T18:50:49.166+0000] {manager.py:741} INFO - There are 0 files in /opt/airflow/dags
[2026-06-02T18:55:49.852+0000] {manager.py:738} INFO - Searching for files in /opt/airflow/dags
[2026-06-02T18:55:49.866+0000] {manager.py:741} INFO - There are 0 files in /opt/airflow/dags
[2026-06-02T19:07:40.339+0000] {manager.py:738} INFO - Searching for files in /opt/airflow/dags
[2026-06-02T19:07:40.346+0000] {manager.py:741} INFO - There are 0 files in /opt/airflow/dags
[2026-06-02T19:12:40.870+0000] {manager.py:738} INFO - Searching for files in /opt/airflow/dags
[2026-06-02T19:12:40.885+0000] {manager.py:741} INFO - There are 0 files in /opt/airflow/dags
[2026-06-02T19:17:41.464+0000] {manager.py:738} INFO - Searching for files in /opt/airflow/dags
[2026-06-02T19:17:41.474+0000] {manager.py:741} INFO - There are 0 files in /opt/airflow/dags
[2026-06-02T19:22:42.069+0000] {manager.py:738} INFO - Searching for files in /opt/airflow/dags
[2026-06-02T19:22:42.090+0000] {manager.py:741} INFO - There are 0 files in /opt/airflow/dags
[2026-06-02T19:27:42.672+0000] {manager.py:738} INFO - Searching for files in /opt/airflow/dags
[2026-06-02T19:27:42.682+0000] {manager.py:741} INFO - There are 0 files in /opt/airflow/dags
[2026-06-02T20:16:44.510+0000] {manager.py:738} INFO - Searching for files in /opt/airflow/dags
[2026-06-02T20:16:44.520+0000] {manager.py:741} INFO - There are 0 files in /opt/airflow/dags
[2026-06-02T20:21:45.138+0000] {manager.py:738} INFO - Searching for files in /opt/airflow/dags
[2026-06-02T20:21:45.145+0000] {manager.py:741} INFO - There are 0 files in /opt/airflow/dags
[2026-06-02T20:26:46.037+0000] {manager.py:738} INFO - Searching for files in /opt/airflow/dags
[2026-06-02T20:26:46.045+0000] {manager.py:741} INFO - There are 0 files in /opt/airflow/dags
[2026-06-02T20:31:46.467+0000] {manager.py:738} INFO - Searching for files in /opt/airflow/dags
[2026-06-02T20:31:46.476+0000] {manager.py:741} INFO - There are 0 files in /opt/airflow/dags
[2026-06-02T20:48:46.761+0000] {manager.py:738} INFO - Searching for files in /opt/airflow/dags
[2026-06-02T20:48:46.772+0000] {manager.py:741} INFO - There are 0 files in /opt/airflow/dags
[2026-06-02T20:53:46.966+0000] {manager.py:738} INFO - Searching for files in /opt/airflow/dags
[2026-06-02T20:53:46.975+0000] {manager.py:741} INFO - There are 0 files in /opt/airflow/dags
[2026-06-02T20:58:47.245+0000] {manager.py:738} INFO - Searching for files in /opt/airflow/dags
[2026-06-02T20:58:47.254+0000] {manager.py:741} INFO - There are 0 files in /opt/airflow/dags
[2026-06-02T21:03:47.404+0000] {manager.py:738} INFO - Searching for files in /opt/airflow/dags
[2026-06-02T21:03:47.408+0000] {manager.py:741} INFO - There are 0 files in /opt/airflow/dags
[2026-06-02T21:08:47.463+0000] {manager.py:738} INFO - Searching for files in /opt/airflow/dags
[2026-06-02T21:08:47.480+0000] {manager.py:741} INFO - There are 0 files in /opt/airflow/dags
[2026-06-02T21:13:47.521+0000] {manager.py:738} INFO - Searching for files in /opt/airflow/dags
[2026-06-02T21:13:47.529+0000] {manager.py:741} INFO - There are 0 files in /opt/airflow/dags
[2026-06-02T21:18:48.529+0000] {manager.py:738} INFO - Searching for files in /opt/airflow/dags
[2026-06-02T21:18:48.534+0000] {manager.py:741} INFO - There are 0 files in /opt/airflow/dags
[2026-06-02T21:23:48.575+0000] {manager.py:738} INFO - Searching for files in /opt/airflow/dags
[2026-06-02T21:23:48.582+0000] {manager.py:741} INFO - There are 0 files in /opt/airflow/dags
[2026-06-02T21:28:48.642+0000] {manager.py:738} INFO - Searching for files in /opt/airflow/dags
[2026-06-02T21:28:48.656+0000] {manager.py:741} INFO - There are 0 files in /opt/airflow/dags
[2026-06-02T21:33:48.796+0000] {manager.py:738} INFO - Searching for files in /opt/airflow/dags
[2026-06-02T21:33:48.802+0000] {manager.py:741} INFO - There are 0 files in /opt/airflow/dags
